#
# There is insufficient memory for the Java Runtime Environment to continue.
# Native memory allocation (malloc) failed to allocate 65552 bytes for Chunk::new
# Possible reasons:
#   The system is out of physical RAM or swap space
#   In 32 bit mode, the process size limit was hit
# Possible solutions:
#   Reduce memory load on the system
#   Increase physical memory or swap space
#   Check if swap backing store is full
#   Use 64 bit Java on a 64 bit OS
#   Decrease Java heap size (-Xmx/-Xms)
#   Decrease number of Java threads
#   Decrease Java thread stack sizes (-Xss)
#   Set larger code cache with -XX:ReservedCodeCacheSize=
# This output file may be truncated or incomplete.
#
#  Out of Memory Error (allocation.cpp:390), pid=5836, tid=1784
#
# JRE version: Java(TM) SE Runtime Environment (8.0_77-b03) (build 1.8.0_77-b03)
# Java VM: Java HotSpot(TM) 64-Bit Server VM (25.77-b03 mixed mode windows-amd64 compressed oops)
# Failed to write core dump. Minidumps are not enabled by default on client versions of Windows
#

---------------  T H R E A D  ---------------

Current thread (0x00000000564ea800):  JavaThread "C2 CompilerThread0" daemon [_thread_in_native, id=1784, stack(0x0000000056b60000,0x0000000056c60000)]

Stack: [0x0000000056b60000,0x0000000056c60000]
[error occurred during error reporting (printing stack bounds), id 0xc0000005]

Native frames: (J=compiled Java code, j=interpreted, Vv=VM code, C=native code)


Current CompileTask:
C2: 312643 2692       4       com.android.dx.ssa.back.FirstFitLocalCombiningAllocator::processPhiInsn (255 bytes)


---------------  P R O C E S S  ---------------

Java Threads: ( => current thread )
  0x0000000056685800 JavaThread "pool-2-thread-4" [_thread_blocked, id=3828, stack(0x0000000057850000,0x0000000057950000)]
  0x000000005681e800 JavaThread "pool-2-thread-3" [_thread_blocked, id=5160, stack(0x00000000576e0000,0x00000000577e0000)]
  0x000000005681d800 JavaThread "pool-2-thread-2" [_thread_blocked, id=3204, stack(0x0000000057510000,0x0000000057610000)]
  0x00000000566aa800 JavaThread "pool-3-thread-1" [_thread_blocked, id=5000, stack(0x0000000057400000,0x0000000057500000)]
  0x0000000056610800 JavaThread "pool-2-thread-1" [_thread_blocked, id=1404, stack(0x0000000056e50000,0x0000000056f50000)]
  0x0000000056588800 JavaThread "Service Thread" daemon [_thread_blocked, id=1532, stack(0x0000000056ff0000,0x00000000570f0000)]
  0x00000000564fb000 JavaThread "C1 CompilerThread2" daemon [_thread_in_vm, id=5392, stack(0x0000000056a60000,0x0000000056b60000)]
  0x00000000564fa800 JavaThread "C2 CompilerThread1" daemon [_thread_in_native, id=4952, stack(0x0000000056d00000,0x0000000056e00000)]
=>0x00000000564ea800 JavaThread "C2 CompilerThread0" daemon [_thread_in_native, id=1784, stack(0x0000000056b60000,0x0000000056c60000)]
  0x00000000551e3000 JavaThread "Attach Listener" daemon [_thread_blocked, id=5300, stack(0x0000000056900000,0x0000000056a00000)]
  0x00000000551e2000 JavaThread "Signal Dispatcher" daemon [_thread_blocked, id=2432, stack(0x00000000562c0000,0x00000000563c0000)]
  0x00000000551cc800 JavaThread "Finalizer" daemon [_thread_blocked, id=5032, stack(0x00000000563e0000,0x00000000564e0000)]
  0x0000000055185800 JavaThread "Reference Handler" daemon [_thread_blocked, id=6136, stack(0x0000000056120000,0x0000000056220000)]
  0x000000000200f000 JavaThread "main" [_thread_blocked, id=2016, stack(0x0000000002670000,0x0000000002770000)]

Other Threads:
  0x000000005517e800 VMThread [stack: 0x0000000056010000,0x0000000056110000] [id=6020]
  0x0000000056598800 WatcherThread [stack: 0x00000000571c0000,0x00000000572c0000] [id=4404]

VM state:synchronizing (normal execution)

VM Mutex/Monitor currently owned by a thread:  ([mutex/lock_event])
[0x000000000200c530] Threads_lock - owner thread: 0x000000005517e800
[0x000000000200ca30] Heap_lock - owner thread: 0x0000000056610800

Heap:
 PSYoungGen      total 232960K, used 135092K [0x00000000eab00000, 0x0000000100000000, 0x0000000100000000)
  eden space 116736K, 100% used [0x00000000eab00000,0x00000000f1d00000,0x00000000f1d00000)
  from space 116224K, 15% used [0x00000000f8e80000,0x00000000fa06d3e8,0x0000000100000000)
  to   space 116224K, 0% used [0x00000000f1d00000,0x00000000f1d00000,0x00000000f8e80000)
 ParOldGen       total 699392K, used 523384K [0x00000000c0000000, 0x00000000eab00000, 0x00000000eab00000)
  object space 699392K, 74% used [0x00000000c0000000,0x00000000dff1e200,0x00000000eab00000)
 Metaspace       used 6579K, capacity 7320K, committed 7680K, reserved 1056768K
  class space    used 623K, capacity 656K, committed 768K, reserved 1048576K

Card table byte_map: [0x0000000011b30000,0x0000000011d40000] byte_map_base: 0x0000000011530000

Marking Bits: (ParMarkBitMap*) 0x000000005f540600
 Begin Bits: [0x00000000125f0000, 0x00000000135f0000)
 End Bits:   [0x00000000135f0000, 0x00000000145f0000)

Polling page: 0x0000000000330000

CodeCache: size=245760Kb used=8852Kb max_used=13388Kb free=236907Kb
 bounds [0x0000000002770000, 0x00000000034c0000, 0x0000000011770000]
 total_blobs=2362 nmethods=2090 adapters=184
 compilation: enabled

Compilation events (10 events):
Event: 312.366 Thread 0x00000000564ea800 nmethod 2690 0x0000000002aa6090 code [0x0000000002aa6240, 0x0000000002aa70c8]
Event: 312.366 Thread 0x00000000564ea800 2686       4       com.android.dx.cf.direct.StdAttributeFactory::lineNumberTable (204 bytes)
Event: 312.378 Thread 0x00000000564fb000 2695       2       java.lang.Class::getName (21 bytes)
Event: 312.392 Thread 0x00000000564fb000 nmethod 2695 0x0000000002ccca50 code [0x0000000002cccbc0, 0x0000000002cccd68]
Event: 312.392 Thread 0x00000000564fb000 2696       2       java.util.HashMap$TreeNode::split (218 bytes)
Event: 312.392 Thread 0x00000000564fb000 nmethod 2696 0x00000000029bc0d0 code [0x00000000029bc2a0, 0x00000000029bc998]
Event: 312.392 Thread 0x00000000564fb000 2697       2       java.util.HashMap::replacementNode (21 bytes)
Event: 312.393 Thread 0x00000000564fb000 nmethod 2697 0x0000000002d6c150 code [0x0000000002d6c2a0, 0x0000000002d6c490]
Event: 312.394 Thread 0x00000000564ea800 nmethod 2686 0x0000000002e3cd50 code [0x0000000002e3cf00, 0x0000000002e3d818]
Event: 312.394 Thread 0x00000000564ea800 2692       4       com.android.dx.ssa.back.FirstFitLocalCombiningAllocator::processPhiInsn (255 bytes)

GC Heap History (10 events):
Event: 304.648 GC heap before
{Heap before GC invocations=267 (full 243):
 PSYoungGen      total 232960K, used 116735K [0x00000000eab00000, 0x0000000100000000, 0x0000000100000000)
  eden space 116736K, 99% used [0x00000000eab00000,0x00000000f1cffff0,0x00000000f1d00000)
  from space 116224K, 0% used [0x00000000f8e80000,0x00000000f8e80000,0x0000000100000000)
  to   space 116224K, 0% used [0x00000000f1d00000,0x00000000f1d00000,0x00000000f8e80000)
 ParOldGen       total 406016K, used 405520K [0x00000000c0000000, 0x00000000d8c80000, 0x00000000eab00000)
  object space 406016K, 99% used [0x00000000c0000000,0x00000000d8c04110,0x00000000d8c80000)
 Metaspace       used 6577K, capacity 7320K, committed 7680K, reserved 1056768K
  class space    used 623K, capacity 656K, committed 768K, reserved 1048576K
Event: 305.561 GC heap after
Heap after GC invocations=267 (full 243):
 PSYoungGen      total 232960K, used 116735K [0x00000000eab00000, 0x0000000100000000, 0x0000000100000000)
  eden space 116736K, 99% used [0x00000000eab00000,0x00000000f1cffff0,0x00000000f1d00000)
  from space 116224K, 0% used [0x00000000f8e80000,0x00000000f8e80000,0x0000000100000000)
  to   space 116224K, 0% used [0x00000000f1d00000,0x00000000f1d00000,0x00000000f8e80000)
 ParOldGen       total 406016K, used 405520K [0x00000000c0000000, 0x00000000d8c80000, 0x00000000eab00000)
  object space 406016K, 99% used [0x00000000c0000000,0x00000000d8c04030,0x00000000d8c80000)
 Metaspace       used 6577K, capacity 7320K, committed 7680K, reserved 1056768K
  class space    used 623K, capacity 656K, committed 768K, reserved 1048576K
}
Event: 305.561 GC heap before
{Heap before GC invocations=268 (full 244):
 PSYoungGen      total 232960K, used 116735K [0x00000000eab00000, 0x0000000100000000, 0x0000000100000000)
  eden space 116736K, 99% used [0x00000000eab00000,0x00000000f1cffff0,0x00000000f1d00000)
  from space 116224K, 0% used [0x00000000f8e80000,0x00000000f8e80000,0x0000000100000000)
  to   space 116224K, 0% used [0x00000000f1d00000,0x00000000f1d00000,0x00000000f8e80000)
 ParOldGen       total 406016K, used 405522K [0x00000000c0000000, 0x00000000d8c80000, 0x00000000eab00000)
  object space 406016K, 99% used [0x00000000c0000000,0x00000000d8c04830,0x00000000d8c80000)
 Metaspace       used 6577K, capacity 7320K, committed 7680K, reserved 1056768K
  class space    used 623K, capacity 656K, committed 768K, reserved 1048576K
Event: 306.490 GC heap after
Heap after GC invocations=268 (full 244):
 PSYoungGen      total 232960K, used 116735K [0x00000000eab00000, 0x0000000100000000, 0x0000000100000000)
  eden space 116736K, 99% used [0x00000000eab00000,0x00000000f1cffff0,0x00000000f1d00000)
  from space 116224K, 0% used [0x00000000f8e80000,0x00000000f8e80000,0x0000000100000000)
  to   space 116224K, 0% used [0x00000000f1d00000,0x00000000f1d00000,0x00000000f8e80000)
 ParOldGen       total 406016K, used 405521K [0x00000000c0000000, 0x00000000d8c80000, 0x00000000eab00000)
  object space 406016K, 99% used [0x00000000c0000000,0x00000000d8c04580,0x00000000d8c80000)
 Metaspace       used 6577K, capacity 7320K, committed 7680K, reserved 1056768K
  class space    used 623K, capacity 656K, committed 768K, reserved 1048576K
}
Event: 306.490 GC heap before
{Heap before GC invocations=269 (full 245):
 PSYoungGen      total 232960K, used 116735K [0x00000000eab00000, 0x0000000100000000, 0x0000000100000000)
  eden space 116736K, 99% used [0x00000000eab00000,0x00000000f1cffff0,0x00000000f1d00000)
  from space 116224K, 0% used [0x00000000f8e80000,0x00000000f8e80000,0x0000000100000000)
  to   space 116224K, 0% used [0x00000000f1d00000,0x00000000f1d00000,0x00000000f8e80000)
 ParOldGen       total 406016K, used 405523K [0x00000000c0000000, 0x00000000d8c80000, 0x00000000eab00000)
  object space 406016K, 99% used [0x00000000c0000000,0x00000000d8c04fc8,0x00000000d8c80000)
 Metaspace       used 6577K, capacity 7320K, committed 7680K, reserved 1056768K
  class space    used 623K, capacity 656K, committed 768K, reserved 1048576K
Event: 307.440 GC heap after
Heap after GC invocations=269 (full 245):
 PSYoungGen      total 232960K, used 116735K [0x00000000eab00000, 0x0000000100000000, 0x0000000100000000)
  eden space 116736K, 99% used [0x00000000eab00000,0x00000000f1cffff0,0x00000000f1d00000)
  from space 116224K, 0% used [0x00000000f8e80000,0x00000000f8e80000,0x0000000100000000)
  to   space 116224K, 0% used [0x00000000f1d00000,0x00000000f1d00000,0x00000000f8e80000)
 ParOldGen       total 699392K, used 405522K [0x00000000c0000000, 0x00000000eab00000, 0x00000000eab00000)
  object space 699392K, 57% used [0x00000000c0000000,0x00000000d8c04ab8,0x00000000eab00000)
 Metaspace       used 6577K, capacity 7320K, committed 7680K, reserved 1056768K
  class space    used 623K, capacity 656K, committed 768K, reserved 1048576K
}
Event: 307.440 GC heap before
{Heap before GC invocations=270 (full 245):
 PSYoungGen      total 232960K, used 116735K [0x00000000eab00000, 0x0000000100000000, 0x0000000100000000)
  eden space 116736K, 99% used [0x00000000eab00000,0x00000000f1cffff0,0x00000000f1d00000)
  from space 116224K, 0% used [0x00000000f8e80000,0x00000000f8e80000,0x0000000100000000)
  to   space 116224K, 0% used [0x00000000f1d00000,0x00000000f1d00000,0x00000000f8e80000)
 ParOldGen       total 699392K, used 405524K [0x00000000c0000000, 0x00000000eab00000, 0x00000000eab00000)
  object space 699392K, 57% used [0x00000000c0000000,0x00000000d8c051f8,0x00000000eab00000)
 Metaspace       used 6577K, capacity 7320K, committed 7680K, reserved 1056768K
  class space    used 623K, capacity 656K, committed 768K, reserved 1048576K
Event: 311.829 GC heap after
Heap after GC invocations=270 (full 245):
 PSYoungGen      total 232960K, used 107364K [0x00000000eab00000, 0x0000000100000000, 0x0000000100000000)
  eden space 116736K, 0% used [0x00000000eab00000,0x00000000eab00000,0x00000000f1d00000)
  from space 116224K, 92% used [0x00000000f1d00000,0x00000000f85d90d8,0x00000000f8e80000)
  to   space 116224K, 0% used [0x00000000f8e80000,0x00000000f8e80000,0x0000000100000000)
 ParOldGen       total 699392K, used 415467K [0x00000000c0000000, 0x00000000eab00000, 0x00000000eab00000)
  object space 699392K, 59% used [0x00000000c0000000,0x00000000d95baf80,0x00000000eab00000)
 Metaspace       used 6577K, capacity 7320K, committed 7680K, reserved 1056768K
  class space    used 623K, capacity 656K, committed 768K, reserved 1048576K
}
Event: 312.150 GC heap before
{Heap before GC invocations=271 (full 245):
 PSYoungGen      total 232960K, used 224084K [0x00000000eab00000, 0x0000000100000000, 0x0000000100000000)
  eden space 116736K, 99% used [0x00000000eab00000,0x00000000f1cfc300,0x00000000f1d00000)
  from space 116224K, 92% used [0x00000000f1d00000,0x00000000f85d90d8,0x00000000f8e80000)
  to   space 116224K, 0% used [0x00000000f8e80000,0x00000000f8e80000,0x0000000100000000)
 ParOldGen       total 699392K, used 415467K [0x00000000c0000000, 0x00000000eab00000, 0x00000000eab00000)
  object space 699392K, 59% used [0x00000000c0000000,0x00000000d95baf80,0x00000000eab00000)
 Metaspace       used 6577K, capacity 7320K, committed 7680K, reserved 1056768K
  class space    used 623K, capacity 656K, committed 768K, reserved 1048576K
Event: 312.300 GC heap after
Heap after GC invocations=271 (full 245):
 PSYoungGen      total 232960K, used 18356K [0x00000000eab00000, 0x0000000100000000, 0x0000000100000000)
  eden space 116736K, 0% used [0x00000000eab00000,0x00000000eab00000,0x00000000f1d00000)
  from space 116224K, 15% used [0x00000000f8e80000,0x00000000fa06d3e8,0x0000000100000000)
  to   space 116224K, 0% used [0x00000000f1d00000,0x00000000f1d00000,0x00000000f8e80000)
 ParOldGen       total 699392K, used 523384K [0x00000000c0000000, 0x00000000eab00000, 0x00000000eab00000)
  object space 699392K, 74% used [0x00000000c0000000,0x00000000dff1e200,0x00000000eab00000)
 Metaspace       used 6577K, capacity 7320K, committed 7680K, reserved 1056768K
  class space    used 623K, capacity 656K, committed 768K, reserved 1048576K
}

Deoptimization events (10 events):
Event: 33.422 Thread 0x0000000056685800 Uncommon trap: reason=class_check action=maybe_recompile pc=0x00000000034042f0 method=com.android.dx.cf.code.BytecodeArray.parseInstruction(ILcom/android/dx/cf/code/BytecodeArray$Visitor;)I @ 1717
Event: 33.512 Thread 0x000000005681e800 Uncommon trap: reason=class_check action=maybe_recompile pc=0x00000000034042f0 method=com.android.dx.cf.code.BytecodeArray.parseInstruction(ILcom/android/dx/cf/code/BytecodeArray$Visitor;)I @ 1717
Event: 33.521 Thread 0x000000005681e800 Uncommon trap: reason=class_check action=maybe_recompile pc=0x0000000003404860 method=com.android.dx.cf.code.BytecodeArray.parseInstruction(ILcom/android/dx/cf/code/BytecodeArray$Visitor;)I @ 2107
Event: 33.521 Thread 0x0000000056610800 Uncommon trap: reason=class_check action=maybe_recompile pc=0x0000000003404860 method=com.android.dx.cf.code.BytecodeArray.parseInstruction(ILcom/android/dx/cf/code/BytecodeArray$Visitor;)I @ 2107
Event: 61.548 Thread 0x000000005681e800 Uncommon trap: reason=class_check action=maybe_recompile pc=0x000000000324e7fc method=com.android.dx.ssa.SCCP.replaceConstants()V @ 182
Event: 68.329 Thread 0x000000005681d800 Uncommon trap: reason=class_check action=maybe_recompile pc=0x000000000324e7fc method=com.android.dx.ssa.SCCP.replaceConstants()V @ 182
Event: 68.394 Thread 0x000000005681e800 Uncommon trap: reason=bimorphic action=maybe_recompile pc=0x000000000348f834 method=com.android.dx.cf.code.BytecodeArray.parseInstruction(ILcom/android/dx/cf/code/BytecodeArray$Visitor;)I @ 1327
Event: 68.394 Thread 0x000000005681e800 Uncommon trap: reason=bimorphic action=maybe_recompile pc=0x000000000348f834 method=com.android.dx.cf.code.BytecodeArray.parseInstruction(ILcom/android/dx/cf/code/BytecodeArray$Visitor;)I @ 1327
Event: 311.916 Thread 0x000000005681d800 Uncommon trap: reason=class_check action=maybe_recompile pc=0x00000000029f0e30 method=com.android.dx.cf.code.BytecodeArray.parseInstruction(ILcom/android/dx/cf/code/BytecodeArray$Visitor;)I @ 2017
Event: 311.916 Thread 0x000000005681d800 Uncommon trap: reason=class_check action=maybe_recompile pc=0x00000000029f0e30 method=com.android.dx.cf.code.BytecodeArray.parseInstruction(ILcom/android/dx/cf/code/BytecodeArray$Visitor;)I @ 2017

Internal exceptions (9 events):
Event: 0.024 Thread 0x000000000200f000 Exception <a 'java/lang/NoSuchMethodError': Method sun.misc.Unsafe.defineClass(Ljava/lang/String;[BII)Ljava/lang/Class; name or signature does not match> (0x00000000eab07cc0) thrown at [D:\re\workspace\8-2-build-windows-amd64-cygwin\jdk8u77\6540\hotspot\sr&0aอWw?
Event: 0.024 Thread 0x000000000200f000 Exception <a 'java/lang/NoSuchMethodError': Method sun.misc.Unsafe.prefetchRead(Ljava/lang/Object;J)V name or signature does not match> (0x00000000eab07fa8) thrown at [D:\re\workspace\8-2-build-windows-amd64-cygwin\jdk8u77\6540\hotspot\src\share\vm\prims\jคภ๚อม+@
Event: 13.879 Thread 0x0000000056610800 Implicit null exception at 0x0000000002ad63d2 to 0x0000000002ad64ca
Event: 14.458 Thread 0x000000005681d800 Exception <a 'java/lang/ArrayIndexOutOfBoundsException': 18> (0x00000000eb3e0848) thrown at [D:\re\workspace\8-2-build-windows-amd64-cygwin\jdk8u77\6540\hotspot\src\share\vm\interpreter\interpreterRuntime.cpp, line 366]
Event: 14.459 Thread 0x000000005681d800 Exception <a 'java/lang/ArrayIndexOutOfBoundsException': 145> (0x00000000eb3e23c8) thrown at [D:\re\workspace\8-2-build-windows-amd64-cygwin\jdk8u77\6540\hotspot\src\share\vm\interpreter\interpreterRuntime.cpp, line 366]
Event: 14.751 Thread 0x000000005681d800 Exception <a 'java/lang/ArrayIndexOutOfBoundsException'> (0x00000000eb3e36b0) thrown at [D:\re\workspace\8-2-build-windows-amd64-cygwin\jdk8u77\6540\hotspot\src\share\vm\runtime\sharedRuntime.cpp, line 605]
Event: 15.375 Thread 0x000000005681d800 Implicit null exception at 0x0000000002b57133 to 0x0000000002b57e81
Event: 15.375 Thread 0x000000005681d800 Implicit null exception at 0x0000000002b5b151 to 0x0000000002b5bc79
Event: 27.729 Thread 0x000000005681d800 Implicit null exception at 0x00000000032468aa to 0x00000000032478f1

Events (10 events):
Event: 311.905 Thread 0x00000000564fb000 flushing nmethod 0x0000000003414950
Event: 311.905 Thread 0x00000000564fb000 flushing nmethod 0x000000000348c090
Event: 311.916 Thread 0x000000005681d800 Uncommon trap: trap_request=0xffffffde fr.pc=0x00000000029f0e30
Event: 311.916 Thread 0x000000005681d800 DEOPT PACKING pc=0x00000000029f0e30 sp=0x000000005760e550
Event: 311.916 Thread 0x000000005681d800 DEOPT UNPACKING pc=0x00000000027b582a sp=0x000000005760e4e8 mode 2
Event: 311.916 Thread 0x000000005681d800 Uncommon trap: trap_request=0xffffffde fr.pc=0x00000000029f0e30
Event: 311.916 Thread 0x000000005681d800 DEOPT PACKING pc=0x00000000029f0e30 sp=0x000000005760e550
Event: 311.916 Thread 0x000000005681d800 DEOPT UNPACKING pc=0x00000000027b582a sp=0x000000005760e4e8 mode 2
Event: 312.142 Executing VM operation: ParallelGCFailedAllocation
Event: 312.300 Executing VM operation: ParallelGCFailedAllocation done


Dynamic libraries:
0x000000013fe60000 - 0x000000013fe97000 	C:\Program Files\Java\jdk1.8.0_77\bin\java.exe
0x0000000077460000 - 0x0000000077609000 	C:\Windows\SYSTEM32\ntdll.dll
0x0000000077240000 - 0x000000007735f000 	C:\Windows\system32\kernel32.dll
0x000007fefd5b0000 - 0x000007fefd61c000 	C:\Windows\system32\KERNELBASE.dll
0x000007fefe630000 - 0x000007fefe70b000 	C:\Windows\system32\ADVAPI32.dll
0x000007fefe590000 - 0x000007fefe62f000 	C:\Windows\system32\msvcrt.dll
0x000007fefdd80000 - 0x000007fefdd9f000 	C:\Windows\SYSTEM32\sechost.dll
0x000007fefdfb0000 - 0x000007fefe0dd000 	C:\Windows\system32\RPCRT4.dll
0x0000000077360000 - 0x000000007745a000 	C:\Windows\system32\USER32.dll
0x000007fefdda0000 - 0x000007fefde07000 	C:\Windows\system32\GDI32.dll
0x000007fefdb80000 - 0x000007fefdb8e000 	C:\Windows\system32\LPK.dll
0x000007fefde40000 - 0x000007fefdf09000 	C:\Windows\system32\USP10.dll
0x000007fefb800000 - 0x000007fefb9f4000 	C:\Windows\WinSxS\amd64_microsoft.windows.common-controls_6595b64144ccf1df_6.0.7601.17514_none_fa396087175ac9ac\COMCTL32.dll
0x000007fefe510000 - 0x000007fefe581000 	C:\Windows\system32\SHLWAPI.dll
0x000007fefde10000 - 0x000007fefde3e000 	C:\Windows\system32\IMM32.DLL
0x000007fefe3f0000 - 0x000007fefe4f9000 	C:\Windows\system32\MSCTF.dll
0x000007fefd1a0000 - 0x000007fefd1d1000 	C:\Windows\system32\nvinitx.dll
0x000007fefd190000 - 0x000007fefd19c000 	C:\Windows\system32\VERSION.dll
0x00000000739b0000 - 0x00000000739b6000 	C:\Program Files\NVIDIA Corporation\CoProcManager\detoured.dll
0x000007fef98d0000 - 0x000007fef9902000 	C:\Program Files\NVIDIA Corporation\CoProcManager\nvd3d9wrapx.dll
0x000007fefd680000 - 0x000007fefd857000 	C:\Windows\system32\SETUPAPI.dll
0x000007fefd430000 - 0x000007fefd466000 	C:\Windows\system32\CFGMGR32.dll
0x000007fefdaa0000 - 0x000007fefdb77000 	C:\Windows\system32\OLEAUT32.dll
0x000007feff560000 - 0x000007feff763000 	C:\Windows\system32\ole32.dll
0x000007fefd410000 - 0x000007fefd42a000 	C:\Windows\system32\DEVOBJ.dll
0x000007fef9890000 - 0x000007fef98b2000 	C:\Program Files\NVIDIA Corporation\CoProcManager\nvdxgiwrapx.dll
0x00000000603b0000 - 0x0000000060482000 	C:\Program Files\Java\jdk1.8.0_77\jre\bin\msvcr100.dll
0x000000005ed30000 - 0x000000005f5c0000 	C:\Program Files\Java\jdk1.8.0_77\jre\bin\server\jvm.dll
0x000007fef30a0000 - 0x000007fef30a9000 	C:\Windows\system32\WSOCK32.dll
0x000007fefd630000 - 0x000007fefd67d000 	C:\Windows\system32\WS2_32.dll
0x000007fefe500000 - 0x000007fefe508000 	C:\Windows\system32\NSI.dll
0x000007fef9ee0000 - 0x000007fef9f1b000 	C:\Windows\system32\WINMM.dll
0x0000000077620000 - 0x0000000077627000 	C:\Windows\system32\PSAPI.DLL
0x000000006b500000 - 0x000000006b50f000 	C:\Program Files\Java\jdk1.8.0_77\jre\bin\verify.dll
0x000000006ae30000 - 0x000000006ae59000 	C:\Program Files\Java\jdk1.8.0_77\jre\bin\java.dll
0x000000006ae10000 - 0x000000006ae26000 	C:\Program Files\Java\jdk1.8.0_77\jre\bin\zip.dll
0x000007fefe7d0000 - 0x000007feff558000 	C:\Windows\system32\SHELL32.dll
0x000007fefd270000 - 0x000007fefd27f000 	C:\Windows\system32\profapi.dll

VM Arguments:
jvm_args: -Xmx1024M -Dfile.encoding=x-windows-949 -Duser.country=KR -Duser.language=ko -Duser.variant 
java_command: com.android.dx.command.Main --dex --num-threads=4 --multi-dex --main-dex-list C:\Users\Administrator\Documents\GitHub\มนวม\bangpool\app\build\intermediates\multi-dex\debug\maindexlist.txt --output C:\Users\Administrator\Documents\GitHub\มนวม\bangpool\app\build\intermediates\dex\debug C:\Users\Administrator\Documents\GitHub\มนวม\bangpool\app\build\intermediates\multi-dex\debug\allclasses.jar
java_class_path (initial): C:\Users\Administrator\AppData\Local\Android\sdk\build-tools\23.0.1\lib\dx.jar
Launcher Type: SUN_STANDARD

Environment Variables:
JAVA_HOME=C:\Program Files\Java\jdk1.8.0_77
CLASSPATH=C:\Program Files\Java\jdk1.8.0_77\lib
PATH=C:\ProgramData\Oracle\Java\javapath;C:\Windows\system32;C:\Windows;C:\Windows\System32\Wbem;C:\Windows\System32\WindowsPowerShell\v1.0\;C:\Program Files (x86)\NVIDIA Corporation\PhysX\Common;C:\Program Files\Java\jdk1.8.0_77\bin;C:\Windows\system32\config\systemprofile\.dnx\bin;C:\Program Files\Microsoft DNX\Dnvm\;C:\Program Files\Microsoft SQL Server\130\Tools\Binn\;C:\Program Files (x86)\Windows Kits\8.1\Windows Performance Toolkit\
USERNAME=Administrator
OS=Windows_NT
PROCESSOR_IDENTIFIER=Intel64 Family 6 Model 69 Stepping 1, GenuineIntel



---------------  S Y S T E M  ---------------

OS: Windows 7 , 64 bit Build 7601 (6.1.7601.18409)

CPU:total 4 (2 cores per cpu, 2 threads per core) family 6 model 69 stepping 1, cmov, cx8, fxsr, mmx, sse, sse2, sse3, ssse3, sse4.1, sse4.2, popcnt, avx, avx2, aes, clmul, erms, lzcnt, ht, tsc, tscinvbit, bmi1, bmi2

Memory: 4k page, physical 3890176k(110012k free), swap 5985464k(5196k free)

vm_info: Java HotSpot(TM) 64-Bit Server VM (25.77-b03) for windows-amd64 JRE (1.8.0_77-b03), built on Mar 20 2016 22:01:33 by "java_re" with MS VC++ 10.0 (VS2010)

time: Mon May 16 21:24:36 2016
elapsed time: 312 seconds (0d 0h 5m 12s)

